INFO: Running with entropic power schedule (0xFF, 100).
INFO: Seed: 1500452947
INFO: Loaded 1 modules   (9009 inline 8-bit counters): 9009 [0x5604e06bd470, 0x5604e06bf7a1), 
INFO: Loaded 1 PC tables (9009 PCs): 9009 [0x5604e06bf7a8,0x5604e06e2ab8), 
./build/tests/lua_load_test: Running 1 inputs 1 time(s) each.
Running: so.lua
AddressSanitizer:DEADLYSIGNAL
=================================================================
==892062==ERROR: AddressSanitizer: stack-overflow on address 0x7fff18fbbe88 (pc 0x5604e051e2ba bp 0x7fff18fbc0d0 sp 0x7fff18fbbe90 T0)
    #0 0x5604e051e2ba in getobjname /home/sergeyb/sources/lua-c-api-tests/build/lua-master/source/ldebug.c:529:11
    #1 0x5604e05201d4 in gxf /home/sergeyb/sources/lua-c-api-tests/build/lua-master/source/ldebug.c:521:5
    #2 0x5604e051e992 in getobjname /home/sergeyb/sources/lua-c-api-tests/build/lua-master/source/ldebug.c:561:16
    #3 0x5604e05201d4 in gxf /home/sergeyb/sources/lua-c-api-tests/build/lua-master/source/ldebug.c:521:5
    #4 0x5604e051e992 in getobjname /home/sergeyb/sources/lua-c-api-tests/build/lua-master/source/ldebug.c:561:16
    #5 0x5604e05201d4 in gxf /home/sergeyb/sources/lua-c-api-tests/build/lua-master/source/ldebug.c:521:5
    #6 0x5604e051e992 in getobjname /home/sergeyb/sources/lua-c-api-tests/build/lua-master/source/ldebug.c:561:16
    #7 0x5604e05201d4 in gxf /home/sergeyb/sources/lua-c-api-tests/build/lua-master/source/ldebug.c:521:5
    #8 0x5604e051e992 in getobjname /home/sergeyb/sources/lua-c-api-tests/build/lua-master/source/ldebug.c:561:16
    #9 0x5604e05201d4 in gxf /home/sergeyb/sources/lua-c-api-tests/build/lua-master/source/ldebug.c:521:5
    #10 0x5604e051e992 in getobjname /home/sergeyb/sources/lua-c-api-tests/build/lua-master/source/ldebug.c:561:16
    #11 0x5604e05201d4 in gxf /home/sergeyb/sources/lua-c-api-tests/build/lua-master/source/ldebug.c:521:5
    #12 0x5604e051e992 in getobjname /home/sergeyb/sources/lua-c-api-tests/build/lua-master/source/ldebug.c:561:16
    #13 0x5604e05201d4 in gxf /home/sergeyb/sources/lua-c-api-tests/build/lua-master/source/ldebug.c:521:5
    #14 0x5604e051e992 in getobjname /home/sergeyb/sources/lua-c-api-tests/build/lua-master/source/ldebug.c:561:16
    #15 0x5604e05201d4 in gxf /home/sergeyb/sources/lua-c-api-tests/build/lua-master/source/ldebug.c:521:5
    #16 0x5604e051e992 in getobjname /home/sergeyb/sources/lua-c-api-tests/build/lua-master/source/ldebug.c:561:16
    #17 0x5604e05201d4 in gxf /home/sergeyb/sources/lua-c-api-tests/build/lua-master/source/ldebug.c:521:5
    #18 0x5604e051e992 in getobjname /home/sergeyb/sources/lua-c-api-tests/build/lua-master/source/ldebug.c:561:16
    #19 0x5604e05201d4 in gxf /home/sergeyb/sources/lua-c-api-tests/build/lua-master/source/ldebug.c:521:5
    #20 0x5604e051e992 in getobjname /home/sergeyb/sources/lua-c-api-tests/build/lua-master/source/ldebug.c:561:16
    #21 0x5604e05201d4 in gxf /home/sergeyb/sources/lua-c-api-tests/build/lua-master/source/ldebug.c:521:5
    #22 0x5604e051e992 in getobjname /home/sergeyb/sources/lua-c-api-tests/build/lua-master/source/ldebug.c:561:16
    #23 0x5604e05201d4 in gxf /home/sergeyb/sources/lua-c-api-tests/build/lua-master/source/ldebug.c:521:5
    #24 0x5604e051e992 in getobjname /home/sergeyb/sources/lua-c-api-tests/build/lua-master/source/ldebug.c:561:16
    #25 0x5604e05201d4 in gxf /home/sergeyb/sources/lua-c-api-tests/build/lua-master/source/ldebug.c:521:5
    #26 0x5604e051e992 in getobjname /home/sergeyb/sources/lua-c-api-tests/build/lua-master/source/ldebug.c:561:16
    #27 0x5604e05201d4 in gxf /home/sergeyb/sources/lua-c-api-tests/build/lua-master/source/ldebug.c:521:5
    #28 0x5604e051e992 in getobjname /home/sergeyb/sources/lua-c-api-tests/build/lua-master/source/ldebug.c:561:16
    #29 0x5604e05201d4 in gxf /home/sergeyb/sources/lua-c-api-tests/build/lua-master/source/ldebug.c:521:5
    #30 0x5604e051e992 in getobjname /home/sergeyb/sources/lua-c-api-tests/build/lua-master/source/ldebug.c:561:16
    #31 0x5604e05201d4 in gxf /home/sergeyb/sources/lua-c-api-tests/build/lua-master/source/ldebug.c:521:5
    #32 0x5604e051e992 in getobjname /home/sergeyb/sources/lua-c-api-tests/build/lua-master/source/ldebug.c:561:16
    #33 0x5604e05201d4 in gxf /home/sergeyb/sources/lua-c-api-tests/build/lua-master/source/ldebug.c:521:5
    #34 0x5604e051e992 in getobjname /home/sergeyb/sources/lua-c-api-tests/build/lua-master/source/ldebug.c:561:16
    #35 0x5604e05201d4 in gxf /home/sergeyb/sources/lua-c-api-tests/build/lua-master/source/ldebug.c:521:5
    #36 0x5604e051e992 in getobjname /home/sergeyb/sources/lua-c-api-tests/build/lua-master/source/ldebug.c:561:16
    #37 0x5604e05201d4 in gxf /home/sergeyb/sources/lua-c-api-tests/build/lua-master/source/ldebug.c:521:5
    #38 0x5604e051e992 in getobjname /home/sergeyb/sources/lua-c-api-tests/build/lua-master/source/ldebug.c:561:16
    #39 0x5604e05201d4 in gxf /home/sergeyb/sources/lua-c-api-tests/build/lua-master/source/ldebug.c:521:5
    #40 0x5604e051e992 in getobjname /home/sergeyb/sources/lua-c-api-tests/build/lua-master/source/ldebug.c:561:16
    #41 0x5604e05201d4 in gxf /home/sergeyb/sources/lua-c-api-tests/build/lua-master/source/ldebug.c:521:5
    #42 0x5604e051e992 in getobjname /home/sergeyb/sources/lua-c-api-tests/build/lua-master/source/ldebug.c:561:16
    #43 0x5604e05201d4 in gxf /home/sergeyb/sources/lua-c-api-tests/build/lua-master/source/ldebug.c:521:5
    #44 0x5604e051e992 in getobjname /home/sergeyb/sources/lua-c-api-tests/build/lua-master/source/ldebug.c:561:16
    #45 0x5604e05201d4 in gxf /home/sergeyb/sources/lua-c-api-tests/build/lua-master/source/ldebug.c:521:5
    #46 0x5604e051e992 in getobjname /home/sergeyb/sources/lua-c-api-tests/build/lua-master/source/ldebug.c:561:16
    #47 0x5604e05201d4 in gxf /home/sergeyb/sources/lua-c-api-tests/build/lua-master/source/ldebug.c:521:5
    #48 0x5604e051e992 in getobjname /home/sergeyb/sources/lua-c-api-tests/build/lua-master/source/ldebug.c:561:16
    #49 0x5604e05201d4 in gxf /home/sergeyb/sources/lua-c-api-tests/build/lua-master/source/ldebug.c:521:5
    #50 0x5604e051e992 in getobjname /home/sergeyb/sources/lua-c-api-tests/build/lua-master/source/ldebug.c:561:16
    #51 0x5604e05201d4 in gxf /home/sergeyb/sources/lua-c-api-tests/build/lua-master/source/ldebug.c:521:5
    #52 0x5604e051e992 in getobjname /home/sergeyb/sources/lua-c-api-tests/build/lua-master/source/ldebug.c:561:16
    #53 0x5604e05201d4 in gxf /home/sergeyb/sources/lua-c-api-tests/build/lua-master/source/ldebug.c:521:5
    #54 0x5604e051e992 in getobjname /home/sergeyb/sources/lua-c-api-tests/build/lua-master/source/ldebug.c:561:16
    #55 0x5604e05201d4 in gxf /home/sergeyb/sources/lua-c-api-tests/build/lua-master/source/ldebug.c:521:5
    #56 0x5604e051e992 in getobjname /home/sergeyb/sources/lua-c-api-tests/build/lua-master/source/ldebug.c:561:16
    #57 0x5604e05201d4 in gxf /home/sergeyb/sources/lua-c-api-tests/build/lua-master/source/ldebug.c:521:5
    #58 0x5604e051e992 in getobjname /home/sergeyb/sources/lua-c-api-tests/build/lua-master/source/ldebug.c:561:16
    #59 0x5604e05201d4 in gxf /home/sergeyb/sources/lua-c-api-tests/build/lua-master/source/ldebug.c:521:5
    #60 0x5604e051e992 in getobjname /home/sergeyb/sources/lua-c-api-tests/build/lua-master/source/ldebug.c:561:16
    #61 0x5604e05201d4 in gxf /home/sergeyb/sources/lua-c-api-tests/build/lua-master/source/ldebug.c:521:5
    #62 0x5604e051e992 in getobjname /home/sergeyb/sources/lua-c-api-tests/build/lua-master/source/ldebug.c:561:16
    #63 0x5604e05201d4 in gxf /home/sergeyb/sources/lua-c-api-tests/build/lua-master/source/ldebug.c:521:5
    #64 0x5604e051e992 in getobjname /home/sergeyb/sources/lua-c-api-tests/build/lua-master/source/ldebug.c:561:16
    #65 0x5604e05201d4 in gxf /home/sergeyb/sources/lua-c-api-tests/build/lua-master/source/ldebug.c:521:5
    #66 0x5604e051e992 in getobjname /home/sergeyb/sources/lua-c-api-tests/build/lua-master/source/ldebug.c:561:16
    #67 0x5604e05201d4 in gxf /home/sergeyb/sources/lua-c-api-tests/build/lua-master/source/ldebug.c:521:5
    #68 0x5604e051e992 in getobjname /home/sergeyb/sources/lua-c-api-tests/build/lua-master/source/ldebug.c:561:16
    #69 0x5604e05201d4 in gxf /home/sergeyb/sources/lua-c-api-tests/build/lua-master/source/ldebug.c:521:5
    #70 0x5604e051e992 in getobjname /home/sergeyb/sources/lua-c-api-tests/build/lua-master/source/ldebug.c:561:16
    #71 0x5604e05201d4 in gxf /home/sergeyb/sources/lua-c-api-tests/build/lua-master/source/ldebug.c:521:5
    #72 0x5604e051e992 in getobjname /home/sergeyb/sources/lua-c-api-tests/build/lua-master/source/ldebug.c:561:16
    #73 0x5604e05201d4 in gxf /home/sergeyb/sources/lua-c-api-tests/build/lua-master/source/ldebug.c:521:5
    #74 0x5604e051e992 in getobjname /home/sergeyb/sources/lua-c-api-tests/build/lua-master/source/ldebug.c:561:16
    #75 0x5604e05201d4 in gxf /home/sergeyb/sources/lua-c-api-tests/build/lua-master/source/ldebug.c:521:5
    #76 0x5604e051e992 in getobjname /home/sergeyb/sources/lua-c-api-tests/build/lua-master/source/ldebug.c:561:16
    #77 0x5604e05201d4 in gxf /home/sergeyb/sources/lua-c-api-tests/build/lua-master/source/ldebug.c:521:5
    #78 0x5604e051e992 in getobjname /home/sergeyb/sources/lua-c-api-tests/build/lua-master/source/ldebug.c:561:16
    #79 0x5604e05201d4 in gxf /home/sergeyb/sources/lua-c-api-tests/build/lua-master/source/ldebug.c:521:5
    #80 0x5604e051e992 in getobjname /home/sergeyb/sources/lua-c-api-tests/build/lua-master/source/ldebug.c:561:16
    #81 0x5604e05201d4 in gxf /home/sergeyb/sources/lua-c-api-tests/build/lua-master/source/ldebug.c:521:5
    #82 0x5604e051e992 in getobjname /home/sergeyb/sources/lua-c-api-tests/build/lua-master/source/ldebug.c:561:16
    #83 0x5604e05201d4 in gxf /home/sergeyb/sources/lua-c-api-tests/build/lua-master/source/ldebug.c:521:5
    #84 0x5604e051e992 in getobjname /home/sergeyb/sources/lua-c-api-tests/build/lua-master/source/ldebug.c:561:16
    #85 0x5604e05201d4 in gxf /home/sergeyb/sources/lua-c-api-tests/build/lua-master/source/ldebug.c:521:5
    #86 0x5604e051e992 in getobjname /home/sergeyb/sources/lua-c-api-tests/build/lua-master/source/ldebug.c:561:16
    #87 0x5604e05201d4 in gxf /home/sergeyb/sources/lua-c-api-tests/build/lua-master/source/ldebug.c:521:5
    #88 0x5604e051e992 in getobjname /home/sergeyb/sources/lua-c-api-tests/build/lua-master/source/ldebug.c:561:16
    #89 0x5604e05201d4 in gxf /home/sergeyb/sources/lua-c-api-tests/build/lua-master/source/ldebug.c:521:5
    #90 0x5604e051e992 in getobjname /home/sergeyb/sources/lua-c-api-tests/build/lua-master/source/ldebug.c:561:16
    #91 0x5604e05201d4 in gxf /home/sergeyb/sources/lua-c-api-tests/build/lua-master/source/ldebug.c:521:5
    #92 0x5604e051e992 in getobjname /home/sergeyb/sources/lua-c-api-tests/build/lua-master/source/ldebug.c:561:16
    #93 0x5604e05201d4 in gxf /home/sergeyb/sources/lua-c-api-tests/build/lua-master/source/ldebug.c:521:5
    #94 0x5604e051e992 in getobjname /home/sergeyb/sources/lua-c-api-tests/build/lua-master/source/ldebug.c:561:16
    #95 0x5604e05201d4 in gxf /home/sergeyb/sources/lua-c-api-tests/build/lua-master/source/ldebug.c:521:5
    #96 0x5604e051e992 in getobjname /home/sergeyb/sources/lua-c-api-tests/build/lua-master/source/ldebug.c:561:16
    #97 0x5604e05201d4 in gxf /home/sergeyb/sources/lua-c-api-tests/build/lua-master/source/ldebug.c:521:5
    #98 0x5604e051e992 in getobjname /home/sergeyb/sources/lua-c-api-tests/build/lua-master/source/ldebug.c:561:16
    #99 0x5604e05201d4 in gxf /home/sergeyb/sources/lua-c-api-tests/build/lua-master/source/ldebug.c:521:5
    #100 0x5604e051e992 in getobjname /home/sergeyb/sources/lua-c-api-tests/build/lua-master/source/ldebug.c:561:16
    #101 0x5604e05201d4 in gxf /home/sergeyb/sources/lua-c-api-tests/build/lua-master/source/ldebug.c:521:5
    #102 0x5604e051e992 in getobjname /home/sergeyb/sources/lua-c-api-tests/build/lua-master/source/ldebug.c:561:16
    #103 0x5604e05201d4 in gxf /home/sergeyb/sources/lua-c-api-tests/build/lua-master/source/ldebug.c:521:5
    #104 0x5604e051e992 in getobjname /home/sergeyb/sources/lua-c-api-tests/build/lua-master/source/ldebug.c:561:16
    #105 0x5604e05201d4 in gxf /home/sergeyb/sources/lua-c-api-tests/build/lua-master/source/ldebug.c:521:5
    #106 0x5604e051e992 in getobjname /home/sergeyb/sources/lua-c-api-tests/build/lua-master/source/ldebug.c:561:16
    #107 0x5604e05201d4 in gxf /home/sergeyb/sources/lua-c-api-tests/build/lua-master/source/ldebug.c:521:5
    #108 0x5604e051e992 in getobjname /home/sergeyb/sources/lua-c-api-tests/build/lua-master/source/ldebug.c:561:16
    #109 0x5604e05201d4 in gxf /home/sergeyb/sources/lua-c-api-tests/build/lua-master/source/ldebug.c:521:5
    #110 0x5604e051e992 in getobjname /home/sergeyb/sources/lua-c-api-tests/build/lua-master/source/ldebug.c:561:16
    #111 0x5604e05201d4 in gxf /home/sergeyb/sources/lua-c-api-tests/build/lua-master/source/ldebug.c:521:5
    #112 0x5604e051e992 in getobjname /home/sergeyb/sources/lua-c-api-tests/build/lua-master/source/ldebug.c:561:16
    #113 0x5604e05201d4 in gxf /home/sergeyb/sources/lua-c-api-tests/build/lua-master/source/ldebug.c:521:5
    #114 0x5604e051e992 in getobjname /home/sergeyb/sources/lua-c-api-tests/build/lua-master/source/ldebug.c:561:16
    #115 0x5604e05201d4 in gxf /home/sergeyb/sources/lua-c-api-tests/build/lua-master/source/ldebug.c:521:5
    #116 0x5604e051e992 in getobjname /home/sergeyb/sources/lua-c-api-tests/build/lua-master/source/ldebug.c:561:16
    #117 0x5604e05201d4 in gxf /home/sergeyb/sources/lua-c-api-tests/build/lua-master/source/ldebug.c:521:5
    #118 0x5604e051e992 in getobjname /home/sergeyb/sources/lua-c-api-tests/build/lua-master/source/ldebug.c:561:16
    #119 0x5604e05201d4 in gxf /home/sergeyb/sources/lua-c-api-tests/build/lua-master/source/ldebug.c:521:5
    #120 0x5604e051e992 in getobjname /home/sergeyb/sources/lua-c-api-tests/build/lua-master/source/ldebug.c:561:16
    #121 0x5604e05201d4 in gxf /home/sergeyb/sources/lua-c-api-tests/build/lua-master/source/ldebug.c:521:5
    #122 0x5604e051e992 in getobjname /home/sergeyb/sources/lua-c-api-tests/build/lua-master/source/ldebug.c:561:16
    #123 0x5604e05201d4 in gxf /home/sergeyb/sources/lua-c-api-tests/build/lua-master/source/ldebug.c:521:5
    #124 0x5604e051e992 in getobjname /home/sergeyb/sources/lua-c-api-tests/build/lua-master/source/ldebug.c:561:16
    #125 0x5604e05201d4 in gxf /home/sergeyb/sources/lua-c-api-tests/build/lua-master/source/ldebug.c:521:5
    #126 0x5604e051e992 in getobjname /home/sergeyb/sources/lua-c-api-tests/build/lua-master/source/ldebug.c:561:16
    #127 0x5604e05201d4 in gxf /home/sergeyb/sources/lua-c-api-tests/build/lua-master/source/ldebug.c:521:5
    #128 0x5604e051e992 in getobjname /home/sergeyb/sources/lua-c-api-tests/build/lua-master/source/ldebug.c:561:16
    #129 0x5604e05201d4 in gxf /home/sergeyb/sources/lua-c-api-tests/build/lua-master/source/ldebug.c:521:5
    #130 0x5604e051e992 in getobjname /home/sergeyb/sources/lua-c-api-tests/build/lua-master/source/ldebug.c:561:16
    #131 0x5604e05201d4 in gxf /home/sergeyb/sources/lua-c-api-tests/build/lua-master/source/ldebug.c:521:5
    #132 0x5604e051e992 in getobjname /home/sergeyb/sources/lua-c-api-tests/build/lua-master/source/ldebug.c:561:16
    #133 0x5604e05201d4 in gxf /home/sergeyb/sources/lua-c-api-tests/build/lua-master/source/ldebug.c:521:5
    #134 0x5604e051e992 in getobjname /home/sergeyb/sources/lua-c-api-tests/build/lua-master/source/ldebug.c:561:16
    #135 0x5604e05201d4 in gxf /home/sergeyb/sources/lua-c-api-tests/build/lua-master/source/ldebug.c:521:5
    #136 0x5604e051e992 in getobjname /home/sergeyb/sources/lua-c-api-tests/build/lua-master/source/ldebug.c:561:16
    #137 0x5604e05201d4 in gxf /home/sergeyb/sources/lua-c-api-tests/build/lua-master/source/ldebug.c:521:5
    #138 0x5604e051e992 in getobjname /home/sergeyb/sources/lua-c-api-tests/build/lua-master/source/ldebug.c:561:16
    #139 0x5604e05201d4 in gxf /home/sergeyb/sources/lua-c-api-tests/build/lua-master/source/ldebug.c:521:5
    #140 0x5604e051e992 in getobjname /home/sergeyb/sources/lua-c-api-tests/build/lua-master/source/ldebug.c:561:16
    #141 0x5604e05201d4 in gxf /home/sergeyb/sources/lua-c-api-tests/build/lua-master/source/ldebug.c:521:5
    #142 0x5604e051e992 in getobjname /home/sergeyb/sources/lua-c-api-tests/build/lua-master/source/ldebug.c:561:16
    #143 0x5604e05201d4 in gxf /home/sergeyb/sources/lua-c-api-tests/build/lua-master/source/ldebug.c:521:5
    #144 0x5604e051e992 in getobjname /home/sergeyb/sources/lua-c-api-tests/build/lua-master/source/ldebug.c:561:16
    #145 0x5604e05201d4 in gxf /home/sergeyb/sources/lua-c-api-tests/build/lua-master/source/ldebug.c:521:5
    #146 0x5604e051e992 in getobjname /home/sergeyb/sources/lua-c-api-tests/build/lua-master/source/ldebug.c:561:16
    #147 0x5604e05201d4 in gxf /home/sergeyb/sources/lua-c-api-tests/build/lua-master/source/ldebug.c:521:5
    #148 0x5604e051e992 in getobjname /home/sergeyb/sources/lua-c-api-tests/build/lua-master/source/ldebug.c:561:16
    #149 0x5604e05201d4 in gxf /home/sergeyb/sources/lua-c-api-tests/build/lua-master/source/ldebug.c:521:5
    #150 0x5604e051e992 in getobjname /home/sergeyb/sources/lua-c-api-tests/build/lua-master/source/ldebug.c:561:16
    #151 0x5604e05201d4 in gxf /home/sergeyb/sources/lua-c-api-tests/build/lua-master/source/ldebug.c:521:5
    #152 0x5604e051e992 in getobjname /home/sergeyb/sources/lua-c-api-tests/build/lua-master/source/ldebug.c:561:16
    #153 0x5604e05201d4 in gxf /home/sergeyb/sources/lua-c-api-tests/build/lua-master/source/ldebug.c:521:5
    #154 0x5604e051e992 in getobjname /home/sergeyb/sources/lua-c-api-tests/build/lua-master/source/ldebug.c:561:16
    #155 0x5604e05201d4 in gxf /home/sergeyb/sources/lua-c-api-tests/build/lua-master/source/ldebug.c:521:5
    #156 0x5604e051e992 in getobjname /home/sergeyb/sources/lua-c-api-tests/build/lua-master/source/ldebug.c:561:16
    #157 0x5604e05201d4 in gxf /home/sergeyb/sources/lua-c-api-tests/build/lua-master/source/ldebug.c:521:5
    #158 0x5604e051e992 in getobjname /home/sergeyb/sources/lua-c-api-tests/build/lua-master/source/ldebug.c:561:16
    #159 0x5604e05201d4 in gxf /home/sergeyb/sources/lua-c-api-tests/build/lua-master/source/ldebug.c:521:5
    #160 0x5604e051e992 in getobjname /home/sergeyb/sources/lua-c-api-tests/build/lua-master/source/ldebug.c:561:16
    #161 0x5604e05201d4 in gxf /home/sergeyb/sources/lua-c-api-tests/build/lua-master/source/ldebug.c:521:5
    #162 0x5604e051e992 in getobjname /home/sergeyb/sources/lua-c-api-tests/build/lua-master/source/ldebug.c:561:16
    #163 0x5604e05201d4 in gxf /home/sergeyb/sources/lua-c-api-tests/build/lua-master/source/ldebug.c:521:5
    #164 0x5604e051e992 in getobjname /home/sergeyb/sources/lua-c-api-tests/build/lua-master/source/ldebug.c:561:16
    #165 0x5604e05201d4 in gxf /home/sergeyb/sources/lua-c-api-tests/build/lua-master/source/ldebug.c:521:5
    #166 0x5604e051e992 in getobjname /home/sergeyb/sources/lua-c-api-tests/build/lua-master/source/ldebug.c:561:16
    #167 0x5604e05201d4 in gxf /home/sergeyb/sources/lua-c-api-tests/build/lua-master/source/ldebug.c:521:5
    #168 0x5604e051e992 in getobjname /home/sergeyb/sources/lua-c-api-tests/build/lua-master/source/ldebug.c:561:16
    #169 0x5604e05201d4 in gxf /home/sergeyb/sources/lua-c-api-tests/build/lua-master/source/ldebug.c:521:5
    #170 0x5604e051e992 in getobjname /home/sergeyb/sources/lua-c-api-tests/build/lua-master/source/ldebug.c:561:16
    #171 0x5604e05201d4 in gxf /home/sergeyb/sources/lua-c-api-tests/build/lua-master/source/ldebug.c:521:5
    #172 0x5604e051e992 in getobjname /home/sergeyb/sources/lua-c-api-tests/build/lua-master/source/ldebug.c:561:16
    #173 0x5604e05201d4 in gxf /home/sergeyb/sources/lua-c-api-tests/build/lua-master/source/ldebug.c:521:5
    #174 0x5604e051e992 in getobjname /home/sergeyb/sources/lua-c-api-tests/build/lua-master/source/ldebug.c:561:16
    #175 0x5604e05201d4 in gxf /home/sergeyb/sources/lua-c-api-tests/build/lua-master/source/ldebug.c:521:5
    #176 0x5604e051e992 in getobjname /home/sergeyb/sources/lua-c-api-tests/build/lua-master/source/ldebug.c:561:16
    #177 0x5604e05201d4 in gxf /home/sergeyb/sources/lua-c-api-tests/build/lua-master/source/ldebug.c:521:5
    #178 0x5604e051e992 in getobjname /home/sergeyb/sources/lua-c-api-tests/build/lua-master/source/ldebug.c:561:16
    #179 0x5604e05201d4 in gxf /home/sergeyb/sources/lua-c-api-tests/build/lua-master/source/ldebug.c:521:5
    #180 0x5604e051e992 in getobjname /home/sergeyb/sources/lua-c-api-tests/build/lua-master/source/ldebug.c:561:16
    #181 0x5604e05201d4 in gxf /home/sergeyb/sources/lua-c-api-tests/build/lua-master/source/ldebug.c:521:5
    #182 0x5604e051e992 in getobjname /home/sergeyb/sources/lua-c-api-tests/build/lua-master/source/ldebug.c:561:16
    #183 0x5604e05201d4 in gxf /home/sergeyb/sources/lua-c-api-tests/build/lua-master/source/ldebug.c:521:5
    #184 0x5604e051e992 in getobjname /home/sergeyb/sources/lua-c-api-tests/build/lua-master/source/ldebug.c:561:16
    #185 0x5604e05201d4 in gxf /home/sergeyb/sources/lua-c-api-tests/build/lua-master/source/ldebug.c:521:5
    #186 0x5604e051e992 in getobjname /home/sergeyb/sources/lua-c-api-tests/build/lua-master/source/ldebug.c:561:16
    #187 0x5604e05201d4 in gxf /home/sergeyb/sources/lua-c-api-tests/build/lua-master/source/ldebug.c:521:5
    #188 0x5604e051e992 in getobjname /home/sergeyb/sources/lua-c-api-tests/build/lua-master/source/ldebug.c:561:16
    #189 0x5604e05201d4 in gxf /home/sergeyb/sources/lua-c-api-tests/build/lua-master/source/ldebug.c:521:5
    #190 0x5604e051e992 in getobjname /home/sergeyb/sources/lua-c-api-tests/build/lua-master/source/ldebug.c:561:16
    #191 0x5604e05201d4 in gxf /home/sergeyb/sources/lua-c-api-tests/build/lua-master/source/ldebug.c:521:5
    #192 0x5604e051e992 in getobjname /home/sergeyb/sources/lua-c-api-tests/build/lua-master/source/ldebug.c:561:16
    #193 0x5604e05201d4 in gxf /home/sergeyb/sources/lua-c-api-tests/build/lua-master/source/ldebug.c:521:5
    #194 0x5604e051e992 in getobjname /home/sergeyb/sources/lua-c-api-tests/build/lua-master/source/ldebug.c:561:16
    #195 0x5604e05201d4 in gxf /home/sergeyb/sources/lua-c-api-tests/build/lua-master/source/ldebug.c:521:5
    #196 0x5604e051e992 in getobjname /home/sergeyb/sources/lua-c-api-tests/build/lua-master/source/ldebug.c:561:16
    #197 0x5604e05201d4 in gxf /home/sergeyb/sources/lua-c-api-tests/build/lua-master/source/ldebug.c:521:5
    #198 0x5604e051e992 in getobjname /home/sergeyb/sources/lua-c-api-tests/build/lua-master/source/ldebug.c:561:16
    #199 0x5604e05201d4 in gxf /home/sergeyb/sources/lua-c-api-tests/build/lua-master/source/ldebug.c:521:5
    #200 0x5604e051e992 in getobjname /home/sergeyb/sources/lua-c-api-tests/build/lua-master/source/ldebug.c:561:16
    #201 0x5604e05201d4 in gxf /home/sergeyb/sources/lua-c-api-tests/build/lua-master/source/ldebug.c:521:5
    #202 0x5604e051e992 in getobjname /home/sergeyb/sources/lua-c-api-tests/build/lua-master/source/ldebug.c:561:16
    #203 0x5604e05201d4 in gxf /home/sergeyb/sources/lua-c-api-tests/build/lua-master/source/ldebug.c:521:5
    #204 0x5604e051e992 in getobjname /home/sergeyb/sources/lua-c-api-tests/build/lua-master/source/ldebug.c:561:16
    #205 0x5604e05201d4 in gxf /home/sergeyb/sources/lua-c-api-tests/build/lua-master/source/ldebug.c:521:5
    #206 0x5604e051e992 in getobjname /home/sergeyb/sources/lua-c-api-tests/build/lua-master/source/ldebug.c:561:16
    #207 0x5604e05201d4 in gxf /home/sergeyb/sources/lua-c-api-tests/build/lua-master/source/ldebug.c:521:5
    #208 0x5604e051e992 in getobjname /home/sergeyb/sources/lua-c-api-tests/build/lua-master/source/ldebug.c:561:16
    #209 0x5604e05201d4 in gxf /home/sergeyb/sources/lua-c-api-tests/build/lua-master/source/ldebug.c:521:5
    #210 0x5604e051e992 in getobjname /home/sergeyb/sources/lua-c-api-tests/build/lua-master/source/ldebug.c:561:16
    #211 0x5604e05201d4 in gxf /home/sergeyb/sources/lua-c-api-tests/build/lua-master/source/ldebug.c:521:5
    #212 0x5604e051e992 in getobjname /home/sergeyb/sources/lua-c-api-tests/build/lua-master/source/ldebug.c:561:16
    #213 0x5604e05201d4 in gxf /home/sergeyb/sources/lua-c-api-tests/build/lua-master/source/ldebug.c:521:5
    #214 0x5604e051e992 in getobjname /home/sergeyb/sources/lua-c-api-tests/build/lua-master/source/ldebug.c:561:16
    #215 0x5604e05201d4 in gxf /home/sergeyb/sources/lua-c-api-tests/build/lua-master/source/ldebug.c:521:5
    #216 0x5604e051e992 in getobjname /home/sergeyb/sources/lua-c-api-tests/build/lua-master/source/ldebug.c:561:16
    #217 0x5604e05201d4 in gxf /home/sergeyb/sources/lua-c-api-tests/build/lua-master/source/ldebug.c:521:5
    #218 0x5604e051e992 in getobjname /home/sergeyb/sources/lua-c-api-tests/build/lua-master/source/ldebug.c:561:16
    #219 0x5604e05201d4 in gxf /home/sergeyb/sources/lua-c-api-tests/build/lua-master/source/ldebug.c:521:5
    #220 0x5604e051e992 in getobjname /home/sergeyb/sources/lua-c-api-tests/build/lua-master/source/ldebug.c:561:16
    #221 0x5604e05201d4 in gxf /home/sergeyb/sources/lua-c-api-tests/build/lua-master/source/ldebug.c:521:5
    #222 0x5604e051e992 in getobjname /home/sergeyb/sources/lua-c-api-tests/build/lua-master/source/ldebug.c:561:16
    #223 0x5604e05201d4 in gxf /home/sergeyb/sources/lua-c-api-tests/build/lua-master/source/ldebug.c:521:5
    #224 0x5604e051e992 in getobjname /home/sergeyb/sources/lua-c-api-tests/build/lua-master/source/ldebug.c:561:16
    #225 0x5604e05201d4 in gxf /home/sergeyb/sources/lua-c-api-tests/build/lua-master/source/ldebug.c:521:5
    #226 0x5604e051e992 in getobjname /home/sergeyb/sources/lua-c-api-tests/build/lua-master/source/ldebug.c:561:16
    #227 0x5604e05201d4 in gxf /home/sergeyb/sources/lua-c-api-tests/build/lua-master/source/ldebug.c:521:5
    #228 0x5604e051e992 in getobjname /home/sergeyb/sources/lua-c-api-tests/build/lua-master/source/ldebug.c:561:16
    #229 0x5604e05201d4 in gxf /home/sergeyb/sources/lua-c-api-tests/build/lua-master/source/ldebug.c:521:5
    #230 0x5604e051e992 in getobjname /home/sergeyb/sources/lua-c-api-tests/build/lua-master/source/ldebug.c:561:16
    #231 0x5604e05201d4 in gxf /home/sergeyb/sources/lua-c-api-tests/build/lua-master/source/ldebug.c:521:5
    #232 0x5604e051e992 in getobjname /home/sergeyb/sources/lua-c-api-tests/build/lua-master/source/ldebug.c:561:16
    #233 0x5604e05201d4 in gxf /home/sergeyb/sources/lua-c-api-tests/build/lua-master/source/ldebug.c:521:5
    #234 0x5604e051e992 in getobjname /home/sergeyb/sources/lua-c-api-tests/build/lua-master/source/ldebug.c:561:16
    #235 0x5604e05201d4 in gxf /home/sergeyb/sources/lua-c-api-tests/build/lua-master/source/ldebug.c:521:5
    #236 0x5604e051e992 in getobjname /home/sergeyb/sources/lua-c-api-tests/build/lua-master/source/ldebug.c:561:16
    #237 0x5604e05201d4 in gxf /home/sergeyb/sources/lua-c-api-tests/build/lua-master/source/ldebug.c:521:5
    #238 0x5604e051e992 in getobjname /home/sergeyb/sources/lua-c-api-tests/build/lua-master/source/ldebug.c:561:16
    #239 0x5604e05201d4 in gxf /home/sergeyb/sources/lua-c-api-tests/build/lua-master/source/ldebug.c:521:5
    #240 0x5604e051e992 in getobjname /home/sergeyb/sources/lua-c-api-tests/build/lua-master/source/ldebug.c:561:16
    #241 0x5604e05201d4 in gxf /home/sergeyb/sources/lua-c-api-tests/build/lua-master/source/ldebug.c:521:5
    #242 0x5604e051e992 in getobjname /home/sergeyb/sources/lua-c-api-tests/build/lua-master/source/ldebug.c:561:16
    #243 0x5604e05201d4 in gxf /home/sergeyb/sources/lua-c-api-tests/build/lua-master/source/ldebug.c:521:5
    #244 0x5604e051e992 in getobjname /home/sergeyb/sources/lua-c-api-tests/build/lua-master/source/ldebug.c:561:16
    #245 0x5604e05201d4 in gxf /home/sergeyb/sources/lua-c-api-tests/build/lua-master/source/ldebug.c:521:5
    #246 0x5604e051e992 in getobjname /home/sergeyb/sources/lua-c-api-tests/build/lua-master/source/ldebug.c:561:16

SUMMARY: AddressSanitizer: stack-overflow /home/sergeyb/sources/lua-c-api-tests/build/lua-master/source/ldebug.c:529:11 in getobjname
==892062==ABORTING
